{"message":"Unauthorized request to path: /api/users","level":"error"}
{"message":"Unauthorized request to path: /api/users","level":"error"}
{"message":"Unauthorized request to path: /api/users","level":"error"}
{"message":"Unauthorized request to path: /api/upload","level":"error"}
{"message":"Unauthorized request to path: /api/upload","level":"error"}
{"message":"Unauthorized request to path: /api/upload","level":"error"}
{"message":"Unauthorized request to path: /api/users/2","level":"error"}
{"message":"Unauthorized request to path: /api/users/2","level":"error"}
{"message":"Unauthorized request to path: /api/users/2","level":"error"}
{"message":"Unauthorized request to path: /api/users","level":"error"}
{"message":"Unauthorized request to path: /api/posts","level":"error"}
{"message":"Unauthorized request to path: /api/posts","level":"error"}
{"message":"Unauthorized request to path: /api/posts","level":"error"}
{"message":"Unauthorized request to path: /api/posts","level":"error"}
{"message":"Unauthorized request to path: /api/posts","level":"error"}
{"message":"Unauthorized request to path: /api/posts","level":"error"}
{"message":"Unauthorized request to path: /api/posts","level":"error"}
{"message":"Unauthorized request to path: /api/posts","level":"error"}
{"message":"Unauthorized request to path: /api/posts","level":"error"}
{"message":"Unauthorized request to path: /api/bookmarks","level":"error"}
{"message":"Unauthorized request to path: /api/connections","level":"error"}
{"message":"Unauthorized request to path: /","level":"error"}
{"message":"Unauthorized request to path: /api/bookmarks","level":"error"}
{"message":"Unauthorized request to path: /api/connections","level":"error"}
{"message":"Unauthorized request to path: /api/posts","level":"error"}
{"message":"Unauthorized request to path: /api/users","level":"error"}
{"message":"Unauthorized request to path: /api/posts","level":"error"}
{"message":"Unauthorized request to path: /api/users","level":"error"}
{"message":"Unauthorized request to path: /api/bookmarks","level":"error"}
{"message":"Unauthorized request to path: /api/connections","level":"error"}
{"message":"Unauthorized request to path: /api/posts","level":"error"}
{"message":"Unauthorized request to path: /api/users","level":"error"}
